#
# A fatal error has been detected by the Java Runtime Environment:
#
#  EXCEPTION_ACCESS_VIOLATION (0xc0000005) at pc=0x00007ffa37a31510, pid=13072, tid=17080
#
# JRE version: OpenJDK Runtime Environment (11.0.12+7) (build 11.0.12+7-b1504.28-7817840)
# Java VM: OpenJDK 64-Bit Server VM (11.0.12+7-b1504.28-7817840, mixed mode, tiered, compressed oops, g1 gc, windows-amd64)
# Problematic frame:
# C  [native-platform-file-events.dll+0xf1510]
#
# No core dump will be written. Minidumps are not enabled by default on client versions of Windows
#
# If you would like to submit a bug report, please visit:
#   https://bugreport.java.com/bugreport/crash.jsp
# The crash happened outside the Java Virtual Machine in native code.
# See problematic frame for where to report the bug.
#

---------------  S U M M A R Y ------------

Command Line: --add-opens=java.base/java.util=ALL-UNNAMED --add-opens=java.base/java.lang=ALL-UNNAMED --add-opens=java.base/java.lang.invoke=ALL-UNNAMED --add-opens=java.base/java.util=ALL-UNNAMED --add-opens=java.prefs/java.util.prefs=ALL-UNNAMED --add-opens=java.prefs/java.util.prefs=ALL-UNNAMED --add-opens=java.base/java.nio.charset=ALL-UNNAMED --add-opens=java.base/java.net=ALL-UNNAMED --add-opens=java.base/java.util.concurrent.atomic=ALL-UNNAMED -Xmx2048m -Dfile.encoding=UTF-8 -Duser.country=US -Duser.language=en -Duser.variant org.gradle.launcher.daemon.bootstrap.GradleDaemon 7.3.3

Host: Intel(R) Core(TM) i7-8750H CPU @ 2.20GHz, 6 cores, 7G,  Windows 10 , 64 bit Build 22000 (10.0.22000.675)
Time: Wed Jun  1 20:59:24 2022 Arab Standard Time elapsed time: 148.146857 seconds (0d 0h 2m 28s)

---------------  T H R E A D  ---------------

Current thread (0x00000208eaa25800):  JavaThread "File watcher server" daemon [_thread_in_native, id=17080, stack(0x000000dc54700000,0x000000dc54800000)]

Stack: [0x000000dc54700000,0x000000dc54800000],  sp=0x000000dc547fe4f8,  free space=1017k
Native frames: (J=compiled Java code, j=interpreted, Vv=VM code, C=native code)
C  [native-platform-file-events.dll+0xf1510]

Java frames: (J=compiled Java code, j=interpreted, Vv=VM code)
j  net.rubygrapefruit.platform.internal.jni.AbstractFileEventFunctions$NativeFileWatcher.executeRunLoop0(Ljava/lang/Object;)V+0
j  net.rubygrapefruit.platform.internal.jni.AbstractFileEventFunctions$NativeFileWatcher.access$100(Lnet/rubygrapefruit/platform/internal/jni/AbstractFileEventFunctions$NativeFileWatcher;Ljava/lang/Object;)V+2
j  net.rubygrapefruit.platform.internal.jni.AbstractFileEventFunctions$NativeFileWatcher$1.run()V+26
v  ~StubRoutines::call_stub

siginfo: EXCEPTION_ACCESS_VIOLATION (0xc0000005), reading address 0xffffffffffffffff


Register to memory mapping:

RIP=0x00007ffa37a31510 native-platform-file-events.dll
RAX=0x8b3774c63b41d88b is an unknown value
RBX=0x0 is NULL
RCX=0x000000dc53efb558 is pointing into the stack for thread: 0x00000208ea8e5000
RDX=0x0 is NULL
RSP=0x000000dc547fe4f8 is pointing into the stack for thread: 0x00000208eaa25800
RBP=0x000000dc547feed8 is pointing into the stack for thread: 0x00000208eaa25800
RSI=0x000000dc53efb550 is pointing into the stack for thread: 0x00000208ea8e5000
RDI=0x000000dc53efb510 is pointing into the stack for thread: 0x00000208ea8e5000
R8 =0x00000208cb591680 points into unknown readable memory: 0x00000208cb590cc0 | c0 0c 59 cb 08 02 00 00
R9 =0x0000000000000001 is an unknown value
R10=0x00000208cb590000 points into unknown readable memory: 0x0000000000000000 | 00 00 00 00 00 00 00 00
R11=0x000000dc547fe1b0 is pointing into the stack for thread: 0x00000208eaa25800
R12=0x0 is NULL
R13={method} {0x00000208ed153598} 'executeRunLoop0' '(Ljava/lang/Object;)V' in 'net/rubygrapefruit/platform/internal/jni/AbstractFileEventFunctions$NativeFileWatcher'
R14=0x0 is NULL
R15=0x00000208eaa25800 is a thread


Registers:
RAX=0x8b3774c63b41d88b, RBX=0x0000000000000000, RCX=0x000000dc53efb558, RDX=0x0000000000000000
RSP=0x000000dc547fe4f8, RBP=0x000000dc547feed8, RSI=0x000000dc53efb550, RDI=0x000000dc53efb510
R8 =0x00000208cb591680, R9 =0x0000000000000001, R10=0x00000208cb590000, R11=0x000000dc547fe1b0
R12=0x0000000000000000, R13=0x00000208ed153590, R14=0x0000000000000000, R15=0x00000208eaa25800
RIP=0x00007ffa37a31510, EFLAGS=0x0000000000010216

Top of Stack: (sp=0x000000dc547fe4f8)
0x000000dc547fe4f8:   00007ffa37986049 00000208ea7447c0
0x000000dc547fe508:   00007ffb129e79e1 00000208ea7447b0
0x000000dc547fe518:   00007ffa379620d3 00000208eee710c8
0x000000dc547fe528:   0000000000000000 00006a66cc2cd8ba
0x000000dc547fe538:   00007ffa3796d473 000000dc547fef00
0x000000dc547fe548:   000000dc53efb510 00007ffa3795efc0
0x000000dc547fe558:   00007ffa37976c6b 000000dc53efb550
0x000000dc547fe568:   00000208ea7447c0 0000000000000000
0x000000dc547fe578:   00007ffa3796b60e 00000208eee710c0
0x000000dc547fe588:   00007ffa379684e6 000000dc53efb550
0x000000dc547fe598:   0000000000000000 00000208eee710c0
0x000000dc547fe5a8:   00000208d136fc87 00000208e7d483a8
0x000000dc547fe5b8:   00007ffa37976092 000000dc547fe600
0x000000dc547fe5c8:   000000dc53efb550 00000000808d05f8
0x000000dc547fe5d8:   0000000000000281 000000dc547fe501
0x000000dc547fe5e8:   0000000000000000 000000dc547fe650 

Instructions: (pc=0x00007ffa37a31510)
0x00007ffa37a31410:   cc cc cc cc cc cc cc cc cc cc cc cc cc cc cc cc
0x00007ffa37a31420:   cc cc cc cc cc cc cc cc cc cc cc cc cc cc cc cc
0x00007ffa37a31430:   cc cc cc cc cc cc cc cc cc cc cc cc cc cc cc cc
0x00007ffa37a31440:   cc cc cc cc cc cc cc cc cc cc cc cc cc cc cc cc
0x00007ffa37a31450:   cc cc cc cc cc cc cc cc cc cc cc cc cc cc cc cc
0x00007ffa37a31460:   cc cc cc cc cc cc cc cc cc cc cc cc cc cc cc cc
0x00007ffa37a31470:   cc cc cc cc cc cc cc cc cc cc cc cc cc cc cc cc
0x00007ffa37a31480:   cc cc cc cc cc cc cc cc cc cc cc cc cc cc cc cc
0x00007ffa37a31490:   cc cc cc cc cc cc cc cc cc cc cc cc cc cc cc cc
0x00007ffa37a314a0:   cc cc cc cc cc cc cc cc cc cc cc cc cc cc cc cc
0x00007ffa37a314b0:   cc cc cc cc cc cc cc cc cc cc cc cc cc cc cc cc
0x00007ffa37a314c0:   cc cc cc cc cc cc cc cc cc cc cc cc cc cc cc cc
0x00007ffa37a314d0:   cc cc cc cc cc cc cc cc cc cc cc cc cc cc cc cc
0x00007ffa37a314e0:   cc cc cc cc cc cc cc cc cc cc cc cc cc cc cc cc
0x00007ffa37a314f0:   cc cc cc cc cc cc cc cc cc cc cc cc cc cc cc cc
0x00007ffa37a31500:   cc cc cc cc cc cc 66 66 0f 1f 84 00 00 00 00 00
0x00007ffa37a31510:   ff e0 cc cc cc cc cc cc cc cc cc cc cc cc cc cc
0x00007ffa37a31520:   cc cc cc cc cc cc 66 66 0f 1f 84 00 00 00 00 00
0x00007ffa37a31530:   ff 25 ea ea 04 00 cc cc cc cc cc cc cc cc cc cc
0x00007ffa37a31540:   cc cc cc cc cc cc cc cc cc cc cc cc cc cc cc cc
0x00007ffa37a31550:   cc cc cc cc cc cc cc cc cc cc cc cc cc cc cc cc
0x00007ffa37a31560:   cc cc cc cc cc cc cc cc cc cc cc cc cc cc cc cc
0x00007ffa37a31570:   cc cc cc cc cc cc cc cc cc cc cc cc cc cc cc cc
0x00007ffa37a31580:   cc cc cc cc cc cc cc cc cc cc cc cc cc cc cc cc
0x00007ffa37a31590:   cc cc cc cc cc cc cc cc cc cc cc cc cc cc cc cc
0x00007ffa37a315a0:   cc cc cc cc cc cc cc cc cc cc cc cc cc cc cc cc
0x00007ffa37a315b0:   cc cc cc cc cc cc cc cc cc cc cc cc cc cc cc cc
0x00007ffa37a315c0:   cc cc cc cc cc cc cc cc cc cc cc cc cc cc cc cc
0x00007ffa37a315d0:   cc cc cc cc cc cc cc cc cc cc cc cc cc cc cc cc
0x00007ffa37a315e0:   cc cc cc cc cc cc cc cc cc cc cc cc cc cc cc cc
0x00007ffa37a315f0:   cc cc cc cc cc cc cc cc cc cc cc cc cc cc cc cc
0x00007ffa37a31600:   cc cc cc cc cc cc cc cc cc cc cc cc cc cc cc cc 


Stack slot to memory mapping:
stack at sp + 0 slots: 0x00007ffa37986049 native-platform-file-events.dll
stack at sp + 1 slots: 0x00000208ea7447c0 points into unknown readable memory: 0x4c28911c00010070 | 70 00 01 00 1c 91 28 4c
stack at sp + 2 slots: 0x00007ffb129e79e1 ntdll.dll
stack at sp + 3 slots: 0x00000208ea7447b0 points into unknown readable memory: 0x3eb0c6f67792dc00 | 00 dc 92 77 f6 c6 b0 3e
stack at sp + 4 slots: 0x00007ffa379620d3 native-platform-file-events.dll
stack at sp + 5 slots: 0x00000208eee710c8 points into unknown readable memory: 0x00000208e97254a0 | a0 54 72 e9 08 02 00 00
stack at sp + 6 slots: 0x0 is NULL
stack at sp + 7 slots: 0x00006a66cc2cd8ba is an unknown value


---------------  P R O C E S S  ---------------

Threads class SMR info:
_java_thread_list=0x00000208e9725320, length=107, elements={
0x00000208cd853800, 0x00000208e788e000, 0x00000208e789a000, 0x00000208e824c000,
0x00000208e824d000, 0x00000208e824e000, 0x00000208e8252000, 0x00000208e8253800,
0x00000208e78ae000, 0x00000208e839d800, 0x00000208e95a9000, 0x00000208e95a7800,
0x00000208e95a6800, 0x00000208e95a8000, 0x00000208ea1ec000, 0x00000208ea1e9800,
0x00000208ea1e8000, 0x00000208ea1eb000, 0x00000208ea1ea800, 0x00000208ea1ed000,
0x00000208ea1ed800, 0x00000208ea1ee800, 0x00000208eaa27000, 0x00000208eaa25800,
0x00000208eaa26000, 0x00000208eaa27800, 0x00000208eaa28800, 0x00000208eaa29800,
0x00000208eaa2a000, 0x00000208eaa2c000, 0x00000208ea4f5800, 0x00000208ea4f2000,
0x00000208ea4f3000, 0x00000208ea4f3800, 0x00000208ea4f7000, 0x00000208ea4f1000,
0x00000208ea4f8000, 0x00000208ea4fa000, 0x00000208ea4f8800, 0x00000208ea4f9800,
0x00000208ea4f4800, 0x00000208ea4fc800, 0x00000208ea4fe800, 0x00000208ea4ff000,
0x00000208ea4fb000, 0x00000208ea500000, 0x00000208ea4fc000, 0x00000208ea4fd800,
0x00000208eacfe000, 0x00000208eacfc800, 0x00000208eacfa800, 0x00000208eacf8000,
0x00000208eacfd000, 0x00000208eacfe800, 0x00000208eacfb800, 0x00000208eacfa000,
0x00000208eacf9000, 0x00000208ead05000, 0x00000208ead04800, 0x00000208ead03000,
0x00000208eacff800, 0x00000208ead06000, 0x00000208ead00800, 0x00000208ead01000,
0x00000208ead03800, 0x00000208ead02000, 0x00000208ead07000, 0x00000208ec8b5000,
0x00000208ec8b6000, 0x00000208ec8b3000, 0x00000208ec8b2000, 0x00000208ec8b0800,
0x00000208ec8b1000, 0x00000208ec8b9800, 0x00000208ec8b7800, 0x00000208ec8b7000,
0x00000208ec8b8800, 0x00000208ec8b3800, 0x00000208ec8b4800, 0x00000208ec8bd800,
0x00000208ec8ba000, 0x00000208ec8bc800, 0x00000208ec8bb000, 0x00000208ec8bf000,
0x00000208ec8bb800, 0x00000208ec8be000, 0x00000208ea8d8000, 0x00000208ea8dc000,
0x00000208ea8d9800, 0x00000208ea8da800, 0x00000208ea8d9000, 0x00000208ea8db000,
0x00000208ea8d6800, 0x00000208ea8dd000, 0x00000208ea8d7000, 0x00000208ea8dd800,
0x00000208ea8e4000, 0x00000208ea8e3800, 0x00000208ea8df800, 0x00000208ea8e1000,
0x00000208ea8de800, 0x00000208ea8e5000, 0x00000208ea8e0000, 0x00000208ea8e2800,
0x00000208ea8e2000, 0x00000208ea1e8800, 0x00000208ea054000
}

Java Threads: ( => current thread )
  0x00000208cd853800 JavaThread "main" [_thread_blocked, id=8756, stack(0x000000dc52300000,0x000000dc52400000)]
  0x00000208e788e000 JavaThread "Reference Handler" daemon [_thread_blocked, id=9288, stack(0x000000dc52a00000,0x000000dc52b00000)]
  0x00000208e789a000 JavaThread "Finalizer" daemon [_thread_blocked, id=18168, stack(0x000000dc52b00000,0x000000dc52c00000)]
  0x00000208e824c000 JavaThread "Signal Dispatcher" daemon [_thread_blocked, id=21508, stack(0x000000dc52c00000,0x000000dc52d00000)]
  0x00000208e824d000 JavaThread "Attach Listener" daemon [_thread_blocked, id=21512, stack(0x000000dc52d00000,0x000000dc52e00000)]
  0x00000208e824e000 JavaThread "Service Thread" daemon [_thread_blocked, id=21516, stack(0x000000dc52e00000,0x000000dc52f00000)]
  0x00000208e8252000 JavaThread "C2 CompilerThread0" daemon [_thread_blocked, id=21520, stack(0x000000dc52f00000,0x000000dc53000000)]
  0x00000208e8253800 JavaThread "C1 CompilerThread0" daemon [_thread_blocked, id=21524, stack(0x000000dc53000000,0x000000dc53100000)]
  0x00000208e78ae000 JavaThread "Sweeper thread" daemon [_thread_blocked, id=21528, stack(0x000000dc53100000,0x000000dc53200000)]
  0x00000208e839d800 JavaThread "Common-Cleaner" daemon [_thread_blocked, id=21540, stack(0x000000dc53200000,0x000000dc53300000)]
  0x00000208e95a9000 JavaThread "Daemon health stats" [_thread_blocked, id=15312, stack(0x000000dc52000000,0x000000dc52100000)]
  0x00000208e95a7800 JavaThread "Incoming local TCP Connector on port 61044" [_thread_in_native, id=4732, stack(0x000000dc53700000,0x000000dc53800000)]
  0x00000208e95a6800 JavaThread "Daemon periodic checks" [_thread_blocked, id=22452, stack(0x000000dc53800000,0x000000dc53900000)]
  0x00000208e95a8000 JavaThread "Daemon" [_thread_blocked, id=6416, stack(0x000000dc53900000,0x000000dc53a00000)]
  0x00000208ea1ec000 JavaThread "Handler for socket connection from /127.0.0.1:61044 to /127.0.0.1:61045" [_thread_in_native, id=4780, stack(0x000000dc53a00000,0x000000dc53b00000)]
  0x00000208ea1e9800 JavaThread "Cancel handler" [_thread_blocked, id=1696, stack(0x000000dc53b00000,0x000000dc53c00000)]
  0x00000208ea1e8000 JavaThread "Daemon worker" [_thread_blocked, id=16032, stack(0x000000dc53c00000,0x000000dc53d00000)]
  0x00000208ea1eb000 JavaThread "Asynchronous log dispatcher for DefaultDaemonConnection: socket connection from /127.0.0.1:61044 to /127.0.0.1:61045" [_thread_blocked, id=11184, stack(0x000000dc53d00000,0x000000dc53e00000)]
  0x00000208ea1ea800 JavaThread "Daemon client event forwarder" [_thread_blocked, id=8856, stack(0x000000dc53f00000,0x000000dc54000000)]
  0x00000208ea1ed000 JavaThread "Cache worker for journal cache (C:\Users\noof3\.gradle\caches\journal-1)" [_thread_blocked, id=4936, stack(0x000000dc54000000,0x000000dc54100000)]
  0x00000208ea1ed800 JavaThread "File lock request listener" [_thread_in_native, id=19424, stack(0x000000dc54100000,0x000000dc54200000)]
  0x00000208ea1ee800 JavaThread "Cache worker for file hash cache (C:\Users\noof3\.gradle\caches\7.3.3\fileHashes)" [_thread_blocked, id=17968, stack(0x000000dc54200000,0x000000dc54300000)]
  0x00000208eaa27000 JavaThread "Cache worker for file hash cache (C:\Users\noof3\AndroidStudioProjects\MyApplication1\.gradle\7.3.3\fileHashes)" [_thread_blocked, id=12084, stack(0x000000dc54600000,0x000000dc54700000)]
=>0x00000208eaa25800 JavaThread "File watcher server" daemon [_thread_in_native, id=17080, stack(0x000000dc54700000,0x000000dc54800000)]
  0x00000208eaa26000 JavaThread "File watcher consumer" daemon [_thread_blocked, id=11060, stack(0x000000dc54800000,0x000000dc54900000)]
  0x00000208eaa27800 JavaThread "Cache worker for checksums cache (C:\Users\noof3\AndroidStudioProjects\MyApplication1\.gradle\7.3.3\checksums)" [_thread_blocked, id=8780, stack(0x000000dc54900000,0x000000dc54a00000)]
  0x00000208eaa28800 JavaThread "Cache worker for cache directory md-supplier (C:\Users\noof3\.gradle\caches\7.3.3\md-supplier)" [_thread_blocked, id=16156, stack(0x000000dc54a00000,0x000000dc54b00000)]
  0x00000208eaa29800 JavaThread "Cache worker for cache directory md-rule (C:\Users\noof3\.gradle\caches\7.3.3\md-rule)" [_thread_blocked, id=19660, stack(0x000000dc54b00000,0x000000dc54c00000)]
  0x00000208eaa2a000 JavaThread "Cache worker for execution history cache (C:\Users\noof3\.gradle\caches\7.3.3\executionHistory)" [_thread_blocked, id=14028, stack(0x000000dc54c00000,0x000000dc54d00000)]
  0x00000208eaa2c000 JavaThread "jar transforms" [_thread_blocked, id=20280, stack(0x000000dc54d00000,0x000000dc54e00000)]
  0x00000208ea4f5800 JavaThread "Cache worker for file content cache (C:\Users\noof3\.gradle\caches\7.3.3\fileContent)" [_thread_blocked, id=19016, stack(0x000000dc54e00000,0x000000dc54f00000)]
  0x00000208ea4f2000 JavaThread "jar transforms Thread 2" [_thread_blocked, id=3084, stack(0x000000dc54f00000,0x000000dc55000000)]
  0x00000208ea4f3000 JavaThread "Cache worker for dependencies-accessors (C:\Users\noof3\AndroidStudioProjects\MyApplication1\.gradle\7.3.3\dependencies-accessors)" [_thread_blocked, id=14672, stack(0x000000dc55000000,0x000000dc55100000)]
  0x00000208ea4f3800 JavaThread "jar transforms Thread 3" [_thread_blocked, id=18132, stack(0x000000dc55100000,0x000000dc55200000)]
  0x00000208ea4f7000 JavaThread "Cache worker for Build Output Cleanup Cache (C:\Users\noof3\AndroidStudioProjects\MyApplication1\.gradle\buildOutputCleanup)" [_thread_blocked, id=22508, stack(0x000000dc55200000,0x000000dc55300000)]
  0x00000208ea4f1000 JavaThread "Unconstrained build operations" [_thread_blocked, id=17328, stack(0x000000dc55300000,0x000000dc55400000)]
  0x00000208ea4f8000 JavaThread "Unconstrained build operations Thread 2" [_thread_blocked, id=22060, stack(0x000000dc55400000,0x000000dc55500000)]
  0x00000208ea4fa000 JavaThread "Unconstrained build operations Thread 3" [_thread_blocked, id=4472, stack(0x000000dc55500000,0x000000dc55600000)]
  0x00000208ea4f8800 JavaThread "Unconstrained build operations Thread 4" [_thread_blocked, id=5012, stack(0x000000dc55600000,0x000000dc55700000)]
  0x00000208ea4f9800 JavaThread "Unconstrained build operations Thread 5" [_thread_blocked, id=18772, stack(0x000000dc55700000,0x000000dc55800000)]
  0x00000208ea4f4800 JavaThread "Unconstrained build operations Thread 6" [_thread_blocked, id=19908, stack(0x000000dc55800000,0x000000dc55900000)]
  0x00000208ea4fc800 JavaThread "Unconstrained build operations Thread 7" [_thread_blocked, id=2192, stack(0x000000dc55900000,0x000000dc55a00000)]
  0x00000208ea4fe800 JavaThread "Unconstrained build operations Thread 8" [_thread_blocked, id=14500, stack(0x000000dc55a00000,0x000000dc55b00000)]
  0x00000208ea4ff000 JavaThread "Unconstrained build operations Thread 9" [_thread_blocked, id=7580, stack(0x000000dc55b00000,0x000000dc55c00000)]
  0x00000208ea4fb000 JavaThread "Unconstrained build operations Thread 10" [_thread_blocked, id=19112, stack(0x000000dc55c00000,0x000000dc55d00000)]
  0x00000208ea500000 JavaThread "Unconstrained build operations Thread 11" [_thread_blocked, id=9984, stack(0x000000dc55d00000,0x000000dc55e00000)]
  0x00000208ea4fc000 JavaThread "Unconstrained build operations Thread 12" [_thread_blocked, id=16148, stack(0x000000dc55e00000,0x000000dc55f00000)]
  0x00000208ea4fd800 JavaThread "Unconstrained build operations Thread 13" [_thread_blocked, id=16160, stack(0x000000dc55f00000,0x000000dc56000000)]
  0x00000208eacfe000 JavaThread "Unconstrained build operations Thread 14" [_thread_blocked, id=22468, stack(0x000000dc56000000,0x000000dc56100000)]
  0x00000208eacfc800 JavaThread "Unconstrained build operations Thread 15" [_thread_blocked, id=14232, stack(0x000000dc56100000,0x000000dc56200000)]
  0x00000208eacfa800 JavaThread "Unconstrained build operations Thread 16" [_thread_blocked, id=5324, stack(0x000000dc56200000,0x000000dc56300000)]
  0x00000208eacf8000 JavaThread "Unconstrained build operations Thread 17" [_thread_blocked, id=3464, stack(0x000000dc56300000,0x000000dc56400000)]
  0x00000208eacfd000 JavaThread "Unconstrained build operations Thread 18" [_thread_blocked, id=15700, stack(0x000000dc56400000,0x000000dc56500000)]
  0x00000208eacfe800 JavaThread "Unconstrained build operations Thread 19" [_thread_blocked, id=11528, stack(0x000000dc56500000,0x000000dc56600000)]
  0x00000208eacfb800 JavaThread "Unconstrained build operations Thread 20" [_thread_blocked, id=11168, stack(0x000000dc56600000,0x000000dc56700000)]
  0x00000208eacfa000 JavaThread "Unconstrained build operations Thread 21" [_thread_blocked, id=12748, stack(0x000000dc56700000,0x000000dc56800000)]
  0x00000208eacf9000 JavaThread "Unconstrained build operations Thread 22" [_thread_blocked, id=20448, stack(0x000000dc56800000,0x000000dc56900000)]
  0x00000208ead05000 JavaThread "Unconstrained build operations Thread 23" [_thread_blocked, id=19036, stack(0x000000dc56900000,0x000000dc56a00000)]
  0x00000208ead04800 JavaThread "Unconstrained build operations Thread 24" [_thread_blocked, id=22336, stack(0x000000dc56a00000,0x000000dc56b00000)]
  0x00000208ead03000 JavaThread "Unconstrained build operations Thread 25" [_thread_blocked, id=20444, stack(0x000000dc56b00000,0x000000dc56c00000)]
  0x00000208eacff800 JavaThread "Unconstrained build operations Thread 26" [_thread_blocked, id=19436, stack(0x000000dc56c00000,0x000000dc56d00000)]
  0x00000208ead06000 JavaThread "Unconstrained build operations Thread 27" [_thread_blocked, id=20320, stack(0x000000dc56d00000,0x000000dc56e00000)]
  0x00000208ead00800 JavaThread "Unconstrained build operations Thread 28" [_thread_blocked, id=10008, stack(0x000000dc56e00000,0x000000dc56f00000)]
  0x00000208ead01000 JavaThread "Unconstrained build operations Thread 29" [_thread_blocked, id=16536, stack(0x000000dc56f00000,0x000000dc57000000)]
  0x00000208ead03800 JavaThread "Unconstrained build operations Thread 30" [_thread_blocked, id=6608, stack(0x000000dc57000000,0x000000dc57100000)]
  0x00000208ead02000 JavaThread "Unconstrained build operations Thread 31" [_thread_blocked, id=4960, stack(0x000000dc57100000,0x000000dc57200000)]
  0x00000208ead07000 JavaThread "Unconstrained build operations Thread 32" [_thread_blocked, id=3188, stack(0x000000dc57200000,0x000000dc57300000)]
  0x00000208ec8b5000 JavaThread "Unconstrained build operations Thread 33" [_thread_blocked, id=11024, stack(0x000000dc57300000,0x000000dc57400000)]
  0x00000208ec8b6000 JavaThread "Unconstrained build operations Thread 34" [_thread_blocked, id=18472, stack(0x000000dc57400000,0x000000dc57500000)]
  0x00000208ec8b3000 JavaThread "Unconstrained build operations Thread 35" [_thread_blocked, id=5536, stack(0x000000dc57500000,0x000000dc57600000)]
  0x00000208ec8b2000 JavaThread "Unconstrained build operations Thread 36" [_thread_blocked, id=9948, stack(0x000000dc57600000,0x000000dc57700000)]
  0x00000208ec8b0800 JavaThread "Unconstrained build operations Thread 37" [_thread_blocked, id=19528, stack(0x000000dc57700000,0x000000dc57800000)]
  0x00000208ec8b1000 JavaThread "Unconstrained build operations Thread 38" [_thread_blocked, id=19656, stack(0x000000dc57800000,0x000000dc57900000)]
  0x00000208ec8b9800 JavaThread "Unconstrained build operations Thread 39" [_thread_blocked, id=2800, stack(0x000000dc57900000,0x000000dc57a00000)]
  0x00000208ec8b7800 JavaThread "Unconstrained build operations Thread 40" [_thread_blocked, id=19836, stack(0x000000dc57a00000,0x000000dc57b00000)]
  0x00000208ec8b7000 JavaThread "Unconstrained build operations Thread 41" [_thread_blocked, id=21056, stack(0x000000dc57b00000,0x000000dc57c00000)]
  0x00000208ec8b8800 JavaThread "Unconstrained build operations Thread 42" [_thread_blocked, id=13384, stack(0x000000dc57c00000,0x000000dc57d00000)]
  0x00000208ec8b3800 JavaThread "Unconstrained build operations Thread 43" [_thread_blocked, id=9096, stack(0x000000dc57d00000,0x000000dc57e00000)]
  0x00000208ec8b4800 JavaThread "Unconstrained build operations Thread 44" [_thread_blocked, id=20552, stack(0x000000dc57e00000,0x000000dc57f00000)]
  0x00000208ec8bd800 JavaThread "Unconstrained build operations Thread 45" [_thread_blocked, id=3148, stack(0x000000dc57f00000,0x000000dc58000000)]
  0x00000208ec8ba000 JavaThread "Unconstrained build operations Thread 46" [_thread_blocked, id=8120, stack(0x000000dc58000000,0x000000dc58100000)]
  0x00000208ec8bc800 JavaThread "Unconstrained build operations Thread 47" [_thread_blocked, id=13196, stack(0x000000dc58100000,0x000000dc58200000)]
  0x00000208ec8bb000 JavaThread "Unconstrained build operations Thread 48" [_thread_blocked, id=13020, stack(0x000000dc58200000,0x000000dc58300000)]
  0x00000208ec8bf000 JavaThread "Unconstrained build operations Thread 49" [_thread_blocked, id=14880, stack(0x000000dc58300000,0x000000dc58400000)]
  0x00000208ec8bb800 JavaThread "Unconstrained build operations Thread 50" [_thread_blocked, id=9780, stack(0x000000dc58400000,0x000000dc58500000)]
  0x00000208ec8be000 JavaThread "Unconstrained build operations Thread 51" [_thread_blocked, id=2040, stack(0x000000dc58500000,0x000000dc58600000)]
  0x00000208ea8d8000 JavaThread "Unconstrained build operations Thread 52" [_thread_blocked, id=10764, stack(0x000000dc58600000,0x000000dc58700000)]
  0x00000208ea8dc000 JavaThread "Unconstrained build operations Thread 53" [_thread_blocked, id=18844, stack(0x000000dc58700000,0x000000dc58800000)]
  0x00000208ea8d9800 JavaThread "Unconstrained build operations Thread 54" [_thread_blocked, id=10884, stack(0x000000dc58800000,0x000000dc58900000)]
  0x00000208ea8da800 JavaThread "Unconstrained build operations Thread 55" [_thread_blocked, id=17564, stack(0x000000dc58900000,0x000000dc58a00000)]
  0x00000208ea8d9000 JavaThread "Unconstrained build operations Thread 56" [_thread_blocked, id=16724, stack(0x000000dc58a00000,0x000000dc58b00000)]
  0x00000208ea8db000 JavaThread "Unconstrained build operations Thread 57" [_thread_blocked, id=10348, stack(0x000000dc58b00000,0x000000dc58c00000)]
  0x00000208ea8d6800 JavaThread "Unconstrained build operations Thread 58" [_thread_blocked, id=21880, stack(0x000000dc58c00000,0x000000dc58d00000)]
  0x00000208ea8dd000 JavaThread "Unconstrained build operations Thread 59" [_thread_blocked, id=21916, stack(0x000000dc58d00000,0x000000dc58e00000)]
  0x00000208ea8d7000 JavaThread "Unconstrained build operations Thread 60" [_thread_blocked, id=15472, stack(0x000000dc58e00000,0x000000dc58f00000)]
  0x00000208ea8dd800 JavaThread "jar transforms Thread 4" [_thread_blocked, id=10856, stack(0x000000dc58f00000,0x000000dc59000000)]
  0x00000208ea8e4000 JavaThread "jar transforms Thread 5" [_thread_blocked, id=14752, stack(0x000000dc59000000,0x000000dc59100000)]
  0x00000208ea8e3800 JavaThread "jar transforms Thread 6" [_thread_blocked, id=11640, stack(0x000000dc59100000,0x000000dc59200000)]
  0x00000208ea8df800 JavaThread "Memory manager" [_thread_blocked, id=6292, stack(0x000000dc59400000,0x000000dc59500000)]
  0x00000208ea8e1000 JavaThread "build event listener" [_thread_blocked, id=11008, stack(0x000000dc59500000,0x000000dc59600000)]
  0x00000208ea8de800 JavaThread "build event listener" [_thread_blocked, id=22416, stack(0x000000dc52100000,0x000000dc52200000)]
  0x00000208ea8e5000 JavaThread "Execution worker for ':'" [_thread_in_native, id=22404, stack(0x000000dc53e00000,0x000000dc53f00000)]
  0x00000208ea8e0000 JavaThread "Execution worker for ':' Thread 2" [_thread_blocked, id=18852, stack(0x000000dc59600000,0x000000dc59700000)]
  0x00000208ea8e2800 JavaThread "Execution worker for ':' Thread 3" [_thread_blocked, id=13808, stack(0x000000dc59700000,0x000000dc59800000)]
  0x00000208ea8e2000 JavaThread "Execution worker for ':' Thread 4" [_thread_blocked, id=22196, stack(0x000000dc59800000,0x000000dc59900000)]
  0x00000208ea1e8800 JavaThread "Execution worker for ':' Thread 5" [_thread_blocked, id=4544, stack(0x000000dc59900000,0x000000dc59a00000)]
  0x00000208ea054000 JavaThread "Cache worker for execution history cache (C:\Users\noof3\AndroidStudioProjects\MyApplication1\.gradle\7.3.3\executionHistory)" [_thread_blocked, id=6284, stack(0x000000dc59a00000,0x000000dc59b00000)]

Other Threads:
  0x00000208e788c000 VMThread "VM Thread" [stack: 0x000000dc52900000,0x000000dc52a00000] [id=18708]
  0x00000208e83d0000 WatcherThread [stack: 0x000000dc53300000,0x000000dc53400000] [id=21544]
  0x00000208cd86d800 GCTaskThread "GC Thread#0" [stack: 0x000000dc52400000,0x000000dc52500000] [id=1540]
  0x00000208e8765000 GCTaskThread "GC Thread#1" [stack: 0x000000dc53400000,0x000000dc53500000] [id=22352]
  0x00000208e8adb000 GCTaskThread "GC Thread#2" [stack: 0x000000dc53500000,0x000000dc53600000] [id=22356]
  0x00000208e9a92800 GCTaskThread "GC Thread#3" [stack: 0x000000dc52200000,0x000000dc52300000] [id=21596]
  0x00000208e9b9d000 GCTaskThread "GC Thread#4" [stack: 0x000000dc54300000,0x000000dc54400000] [id=15640]
  0x00000208ea3da800 GCTaskThread "GC Thread#5" [stack: 0x000000dc54400000,0x000000dc54500000] [id=12096]
  0x00000208cd89e000 ConcurrentGCThread "G1 Main Marker" [stack: 0x000000dc52500000,0x000000dc52600000] [id=11880]
  0x00000208cd89f000 ConcurrentGCThread "G1 Conc#0" [stack: 0x000000dc52600000,0x000000dc52700000] [id=8056]
  0x00000208ea44f800 ConcurrentGCThread "G1 Conc#1" [stack: 0x000000dc54500000,0x000000dc54600000] [id=1812]
  0x00000208e76e0800 ConcurrentGCThread "G1 Refine#0" [stack: 0x000000dc52700000,0x000000dc52800000] [id=8748]
  0x00000208e8f8d800 ConcurrentGCThread "G1 Refine#1" [stack: 0x000000dc53600000,0x000000dc53700000] [id=3968]
  0x00000208e76e1000 ConcurrentGCThread "G1 Young RemSet Sampling" [stack: 0x000000dc52800000,0x000000dc52900000] [id=20192]

Threads with active compile tasks:

VM state:not at safepoint (normal execution)

VM Mutex/Monitor currently owned by a thread: None

Heap address: 0x0000000080000000, size: 2048 MB, Compressed Oops mode: 32-bit
Narrow klass base: 0x0000000000000000, Narrow klass shift: 3
Compressed class space size: 1073741824 Address: 0x0000000100000000

Heap:
 garbage-first heap   total 129024K, used 85096K [0x0000000080000000, 0x0000000100000000)
  region size 1024K, 22 young (22528K), 6 survivors (6144K)
 Metaspace       used 83815K, capacity 85681K, committed 85932K, reserved 1124352K
  class space    used 10989K, capacity 11733K, committed 11776K, reserved 1048576K
Heap Regions: E=young(eden), S=young(survivor), O=old, HS=humongous(starts), HC=humongous(continues), CS=collection set, F=free, A=archive, TAMS=top-at-mark-start (previous, next)
|   0|0x0000000080000000, 0x0000000080100000, 0x0000000080100000|100%| O|  |TAMS 0x0000000080100000, 0x0000000080000000| Untracked 
|   1|0x0000000080100000, 0x0000000080200000, 0x0000000080200000|100%| O|  |TAMS 0x0000000080200000, 0x0000000080100000| Untracked 
|   2|0x0000000080200000, 0x0000000080300000, 0x0000000080300000|100%| O|  |TAMS 0x0000000080300000, 0x0000000080200000| Untracked 
|   3|0x0000000080300000, 0x0000000080400000, 0x0000000080400000|100%|HS|  |TAMS 0x0000000080400000, 0x0000000080300000| Complete 
|   4|0x0000000080400000, 0x0000000080500000, 0x0000000080500000|100%|HC|  |TAMS 0x0000000080500000, 0x0000000080400000| Complete 
|   5|0x0000000080500000, 0x0000000080600000, 0x0000000080600000|100%|HC|  |TAMS 0x0000000080600000, 0x0000000080500000| Complete 
|   6|0x0000000080600000, 0x0000000080700000, 0x0000000080700000|100%| O|  |TAMS 0x0000000080700000, 0x0000000080600000| Untracked 
|   7|0x0000000080700000, 0x0000000080800000, 0x0000000080800000|100%| O|  |TAMS 0x0000000080800000, 0x0000000080700000| Untracked 
|   8|0x0000000080800000, 0x0000000080900000, 0x0000000080900000|100%| O|  |TAMS 0x0000000080900000, 0x0000000080800000| Untracked 
|   9|0x0000000080900000, 0x0000000080a00000, 0x0000000080a00000|100%| O|  |TAMS 0x0000000080a00000, 0x0000000080900000| Untracked 
|  10|0x0000000080a00000, 0x0000000080b00000, 0x0000000080b00000|100%| O|  |TAMS 0x0000000080b00000, 0x0000000080a00000| Untracked 
|  11|0x0000000080b00000, 0x0000000080c00000, 0x0000000080c00000|100%| O|  |TAMS 0x0000000080c00000, 0x0000000080b00000| Untracked 
|  12|0x0000000080c00000, 0x0000000080d00000, 0x0000000080d00000|100%| O|  |TAMS 0x0000000080d00000, 0x0000000080c00000| Untracked 
|  13|0x0000000080d00000, 0x0000000080e00000, 0x0000000080e00000|100%| O|  |TAMS 0x0000000080e00000, 0x0000000080d00000| Untracked 
|  14|0x0000000080e00000, 0x0000000080f00000, 0x0000000080f00000|100%| O|  |TAMS 0x0000000080f00000, 0x0000000080e00000| Untracked 
|  15|0x0000000080f00000, 0x0000000081000000, 0x0000000081000000|100%|HS|  |TAMS 0x0000000081000000, 0x0000000080f00000| Complete 
|  16|0x0000000081000000, 0x0000000081100000, 0x0000000081100000|100%| O|  |TAMS 0x0000000081100000, 0x0000000081000000| Untracked 
|  17|0x0000000081100000, 0x0000000081200000, 0x0000000081200000|100%| O|  |TAMS 0x0000000081200000, 0x0000000081100000| Untracked 
|  18|0x0000000081200000, 0x0000000081300000, 0x0000000081300000|100%| O|  |TAMS 0x0000000081300000, 0x0000000081200000| Untracked 
|  19|0x0000000081300000, 0x0000000081400000, 0x0000000081400000|100%| O|  |TAMS 0x0000000081400000, 0x0000000081300000| Untracked 
|  20|0x0000000081400000, 0x0000000081500000, 0x0000000081500000|100%| O|  |TAMS 0x0000000081500000, 0x0000000081400000| Untracked 
|  21|0x0000000081500000, 0x0000000081600000, 0x0000000081600000|100%| O|  |TAMS 0x0000000081600000, 0x0000000081500000| Untracked 
|  22|0x0000000081600000, 0x0000000081700000, 0x0000000081700000|100%| O|  |TAMS 0x0000000081700000, 0x0000000081600000| Untracked 
|  23|0x0000000081700000, 0x0000000081800000, 0x0000000081800000|100%| O|  |TAMS 0x0000000081800000, 0x0000000081700000| Untracked 
|  24|0x0000000081800000, 0x0000000081900000, 0x0000000081900000|100%| O|  |TAMS 0x0000000081900000, 0x0000000081800000| Untracked 
|  25|0x0000000081900000, 0x0000000081a00000, 0x0000000081a00000|100%| O|  |TAMS 0x0000000081a00000, 0x0000000081900000| Untracked 
|  26|0x0000000081a00000, 0x0000000081b00000, 0x0000000081b00000|100%| O|  |TAMS 0x0000000081b00000, 0x0000000081a00000| Untracked 
|  27|0x0000000081b00000, 0x0000000081c00000, 0x0000000081c00000|100%|HS|  |TAMS 0x0000000081c00000, 0x0000000081b00000| Complete 
|  28|0x0000000081c00000, 0x0000000081d00000, 0x0000000081d00000|100%|HS|  |TAMS 0x0000000081d00000, 0x0000000081c00000| Complete 
|  29|0x0000000081d00000, 0x0000000081e00000, 0x0000000081e00000|100%|HS|  |TAMS 0x0000000081e00000, 0x0000000081d00000| Complete 
|  30|0x0000000081e00000, 0x0000000081f00000, 0x0000000081f00000|100%|HC|  |TAMS 0x0000000081f00000, 0x0000000081e00000| Complete 
|  31|0x0000000081f00000, 0x0000000082000000, 0x0000000082000000|100%|HC|  |TAMS 0x0000000082000000, 0x0000000081f00000| Complete 
|  32|0x0000000082000000, 0x0000000082100000, 0x0000000082100000|100%|HS|  |TAMS 0x0000000082100000, 0x0000000082000000| Complete 
|  33|0x0000000082100000, 0x0000000082200000, 0x0000000082200000|100%|HC|  |TAMS 0x0000000082200000, 0x0000000082100000| Complete 
|  34|0x0000000082200000, 0x0000000082300000, 0x0000000082300000|100%| O|  |TAMS 0x0000000082300000, 0x0000000082200000| Untracked 
|  35|0x0000000082300000, 0x0000000082400000, 0x0000000082400000|100%| O|  |TAMS 0x0000000082400000, 0x0000000082300000| Untracked 
|  36|0x0000000082400000, 0x0000000082500000, 0x0000000082500000|100%| O|  |TAMS 0x0000000082500000, 0x0000000082400000| Untracked 
|  37|0x0000000082500000, 0x0000000082600000, 0x0000000082600000|100%| O|  |TAMS 0x0000000082600000, 0x0000000082500000| Untracked 
|  38|0x0000000082600000, 0x0000000082700000, 0x0000000082700000|100%| O|  |TAMS 0x0000000082700000, 0x0000000082600000| Untracked 
|  39|0x0000000082700000, 0x0000000082800000, 0x0000000082800000|100%| O|  |TAMS 0x0000000082800000, 0x0000000082700000| Untracked 
|  40|0x0000000082800000, 0x0000000082900000, 0x0000000082900000|100%| O|  |TAMS 0x0000000082900000, 0x0000000082800000| Untracked 
|  41|0x0000000082900000, 0x0000000082a00000, 0x0000000082a00000|100%| O|  |TAMS 0x0000000082a00000, 0x0000000082900000| Untracked 
|  42|0x0000000082a00000, 0x0000000082b00000, 0x0000000082b00000|100%| O|  |TAMS 0x0000000082b00000, 0x0000000082a00000| Untracked 
|  43|0x0000000082b00000, 0x0000000082c00000, 0x0000000082c00000|100%| O|  |TAMS 0x0000000082c00000, 0x0000000082b00000| Untracked 
|  44|0x0000000082c00000, 0x0000000082d00000, 0x0000000082d00000|100%| O|  |TAMS 0x0000000082d00000, 0x0000000082c00000| Untracked 
|  45|0x0000000082d00000, 0x0000000082e00000, 0x0000000082e00000|100%| O|  |TAMS 0x0000000082e00000, 0x0000000082d00000| Untracked 
|  46|0x0000000082e00000, 0x0000000082f00000, 0x0000000082f00000|100%| O|  |TAMS 0x0000000082f00000, 0x0000000082e00000| Untracked 
|  47|0x0000000082f00000, 0x0000000083000000, 0x0000000083000000|100%| O|  |TAMS 0x0000000083000000, 0x0000000082f00000| Untracked 
|  48|0x0000000083000000, 0x0000000083100000, 0x0000000083100000|100%| O|  |TAMS 0x0000000083100000, 0x0000000083000000| Untracked 
|  49|0x0000000083100000, 0x0000000083200000, 0x0000000083200000|100%| O|  |TAMS 0x0000000083200000, 0x0000000083100000| Untracked 
|  50|0x0000000083200000, 0x0000000083300000, 0x0000000083300000|100%| O|  |TAMS 0x0000000083300000, 0x0000000083200000| Untracked 
|  51|0x0000000083300000, 0x0000000083400000, 0x0000000083400000|100%| O|  |TAMS 0x0000000083400000, 0x0000000083300000| Untracked 
|  52|0x0000000083400000, 0x0000000083500000, 0x0000000083500000|100%| O|  |TAMS 0x0000000083500000, 0x0000000083400000| Untracked 
|  53|0x0000000083500000, 0x0000000083600000, 0x0000000083600000|100%| O|  |TAMS 0x0000000083600000, 0x0000000083500000| Untracked 
|  54|0x0000000083600000, 0x0000000083700000, 0x0000000083700000|100%| O|  |TAMS 0x0000000083700000, 0x0000000083600000| Untracked 
|  55|0x0000000083700000, 0x0000000083800000, 0x0000000083800000|100%| O|  |TAMS 0x0000000083800000, 0x0000000083700000| Untracked 
|  56|0x0000000083800000, 0x0000000083900000, 0x0000000083900000|100%| O|  |TAMS 0x0000000083900000, 0x0000000083800000| Untracked 
|  57|0x0000000083900000, 0x0000000083a00000, 0x0000000083a00000|100%| O|  |TAMS 0x0000000083a00000, 0x0000000083900000| Untracked 
|  58|0x0000000083a00000, 0x0000000083b00000, 0x0000000083b00000|100%| O|  |TAMS 0x0000000083b00000, 0x0000000083a00000| Untracked 
|  59|0x0000000083b00000, 0x0000000083c00000, 0x0000000083c00000|100%| O|  |TAMS 0x0000000083c00000, 0x0000000083b00000| Untracked 
|  60|0x0000000083c00000, 0x0000000083d00000, 0x0000000083d00000|100%| O|  |TAMS 0x0000000083d00000, 0x0000000083c00000| Untracked 
|  61|0x0000000083d00000, 0x0000000083e00000, 0x0000000083e00000|100%| O|  |TAMS 0x0000000083e00000, 0x0000000083d00000| Untracked 
|  62|0x0000000083e00000, 0x0000000083ef1800, 0x0000000083f00000| 94%| O|  |TAMS 0x0000000083ef1800, 0x0000000083e00000| Untracked 
|  63|0x0000000083f00000, 0x0000000083f00000, 0x0000000084000000|  0%| F|  |TAMS 0x0000000083f00000, 0x0000000083f00000| Untracked 
|  64|0x0000000084000000, 0x0000000084000000, 0x0000000084100000|  0%| F|  |TAMS 0x0000000084000000, 0x0000000084000000| Untracked 
|  65|0x0000000084100000, 0x0000000084100000, 0x0000000084200000|  0%| F|  |TAMS 0x0000000084100000, 0x0000000084100000| Untracked 
|  66|0x0000000084200000, 0x0000000084200000, 0x0000000084300000|  0%| F|  |TAMS 0x0000000084200000, 0x0000000084200000| Untracked 
|  67|0x0000000084300000, 0x0000000084300000, 0x0000000084400000|  0%| F|  |TAMS 0x0000000084300000, 0x0000000084300000| Untracked 
|  68|0x0000000084400000, 0x0000000084400000, 0x0000000084500000|  0%| F|  |TAMS 0x0000000084400000, 0x0000000084400000| Untracked 
|  69|0x0000000084500000, 0x0000000084500000, 0x0000000084600000|  0%| F|  |TAMS 0x0000000084500000, 0x0000000084500000| Untracked 
|  70|0x0000000084600000, 0x0000000084600000, 0x0000000084700000|  0%| F|  |TAMS 0x0000000084600000, 0x0000000084600000| Untracked 
|  71|0x0000000084700000, 0x0000000084700000, 0x0000000084800000|  0%| F|  |TAMS 0x0000000084700000, 0x0000000084700000| Untracked 
|  72|0x0000000084800000, 0x0000000084800000, 0x0000000084900000|  0%| F|  |TAMS 0x0000000084800000, 0x0000000084800000| Untracked 
|  73|0x0000000084900000, 0x0000000084900000, 0x0000000084a00000|  0%| F|  |TAMS 0x0000000084900000, 0x0000000084900000| Untracked 
|  74|0x0000000084a00000, 0x0000000084a00000, 0x0000000084b00000|  0%| F|  |TAMS 0x0000000084a00000, 0x0000000084a00000| Untracked 
|  75|0x0000000084b00000, 0x0000000084b00000, 0x0000000084c00000|  0%| F|  |TAMS 0x0000000084b00000, 0x0000000084b00000| Untracked 
|  76|0x0000000084c00000, 0x0000000084c00000, 0x0000000084d00000|  0%| F|  |TAMS 0x0000000084c00000, 0x0000000084c00000| Untracked 
|  77|0x0000000084d00000, 0x0000000084d00000, 0x0000000084e00000|  0%| F|  |TAMS 0x0000000084d00000, 0x0000000084d00000| Untracked 
|  78|0x0000000084e00000, 0x0000000084e00000, 0x0000000084f00000|  0%| F|  |TAMS 0x0000000084e00000, 0x0000000084e00000| Untracked 
|  79|0x0000000084f00000, 0x0000000084f28998, 0x0000000085000000| 15%| S|CS|TAMS 0x0000000084f00000, 0x0000000084f00000| Complete 
|  80|0x0000000085000000, 0x0000000085100000, 0x0000000085100000|100%| S|CS|TAMS 0x0000000085000000, 0x0000000085000000| Complete 
|  81|0x0000000085100000, 0x0000000085200000, 0x0000000085200000|100%| S|CS|TAMS 0x0000000085100000, 0x0000000085100000| Complete 
|  82|0x0000000085200000, 0x0000000085300000, 0x0000000085300000|100%| S|CS|TAMS 0x0000000085200000, 0x0000000085200000| Complete 
|  83|0x0000000085300000, 0x0000000085400000, 0x0000000085400000|100%| S|CS|TAMS 0x0000000085300000, 0x0000000085300000| Complete 
|  84|0x0000000085400000, 0x0000000085400000, 0x0000000085500000|  0%| F|  |TAMS 0x0000000085400000, 0x0000000085400000| Untracked 
|  85|0x0000000085500000, 0x0000000085500000, 0x0000000085600000|  0%| F|  |TAMS 0x0000000085500000, 0x0000000085500000| Untracked 
|  86|0x0000000085600000, 0x0000000085600000, 0x0000000085700000|  0%| F|  |TAMS 0x0000000085600000, 0x0000000085600000| Untracked 
|  87|0x0000000085700000, 0x0000000085700000, 0x0000000085800000|  0%| F|  |TAMS 0x0000000085700000, 0x0000000085700000| Untracked 
|  88|0x0000000085800000, 0x0000000085900000, 0x0000000085900000|100%| S|CS|TAMS 0x0000000085800000, 0x0000000085800000| Complete 
|  89|0x0000000085900000, 0x0000000085900000, 0x0000000085a00000|  0%| F|  |TAMS 0x0000000085900000, 0x0000000085900000| Untracked 
|  90|0x0000000085a00000, 0x0000000085a00000, 0x0000000085b00000|  0%| F|  |TAMS 0x0000000085a00000, 0x0000000085a00000| Untracked 
|  91|0x0000000085b00000, 0x0000000085b00000, 0x0000000085c00000|  0%| F|  |TAMS 0x0000000085b00000, 0x0000000085b00000| Untracked 
|  92|0x0000000085c00000, 0x0000000085c00000, 0x0000000085d00000|  0%| F|  |TAMS 0x0000000085c00000, 0x0000000085c00000| Untracked 
|  93|0x0000000085d00000, 0x0000000085d00000, 0x0000000085e00000|  0%| F|  |TAMS 0x0000000085d00000, 0x0000000085d00000| Untracked 
|  94|0x0000000085e00000, 0x0000000085e00000, 0x0000000085f00000|  0%| F|  |TAMS 0x0000000085e00000, 0x0000000085e00000| Untracked 
|  95|0x0000000085f00000, 0x0000000085f00000, 0x0000000086000000|  0%| F|  |TAMS 0x0000000085f00000, 0x0000000085f00000| Untracked 
|  96|0x0000000086000000, 0x0000000086000000, 0x0000000086100000|  0%| F|  |TAMS 0x0000000086000000, 0x0000000086000000| Untracked 
|  97|0x0000000086100000, 0x0000000086100000, 0x0000000086200000|  0%| F|  |TAMS 0x0000000086100000, 0x0000000086100000| Untracked 
|  98|0x0000000086200000, 0x0000000086200000, 0x0000000086300000|  0%| F|  |TAMS 0x0000000086200000, 0x0000000086200000| Untracked 
|  99|0x0000000086300000, 0x0000000086300000, 0x0000000086400000|  0%| F|  |TAMS 0x0000000086300000, 0x0000000086300000| Untracked 
| 100|0x0000000086400000, 0x0000000086400000, 0x0000000086500000|  0%| F|  |TAMS 0x0000000086400000, 0x0000000086400000| Untracked 
| 101|0x0000000086500000, 0x0000000086500000, 0x0000000086600000|  0%| F|  |TAMS 0x0000000086500000, 0x0000000086500000| Untracked 
| 102|0x0000000086600000, 0x0000000086600000, 0x0000000086700000|  0%| F|  |TAMS 0x0000000086600000, 0x0000000086600000| Untracked 
| 103|0x0000000086700000, 0x0000000086700000, 0x0000000086800000|  0%| F|  |TAMS 0x0000000086700000, 0x0000000086700000| Untracked 
| 104|0x0000000086800000, 0x0000000086800000, 0x0000000086900000|  0%| F|  |TAMS 0x0000000086800000, 0x0000000086800000| Untracked 
| 105|0x0000000086900000, 0x0000000086900000, 0x0000000086a00000|  0%| F|  |TAMS 0x0000000086900000, 0x0000000086900000| Untracked 
| 106|0x0000000086a00000, 0x0000000086a00000, 0x0000000086b00000|  0%| F|  |TAMS 0x0000000086a00000, 0x0000000086a00000| Untracked 
| 107|0x0000000086b00000, 0x0000000086b00000, 0x0000000086c00000|  0%| F|  |TAMS 0x0000000086b00000, 0x0000000086b00000| Untracked 
| 108|0x0000000086c00000, 0x0000000086c00000, 0x0000000086d00000|  0%| F|  |TAMS 0x0000000086c00000, 0x0000000086c00000| Untracked 
| 109|0x0000000086d00000, 0x0000000086d00000, 0x0000000086e00000|  0%| F|  |TAMS 0x0000000086d00000, 0x0000000086d00000| Untracked 
| 110|0x0000000086e00000, 0x0000000086e62500, 0x0000000086f00000| 38%| E|  |TAMS 0x0000000086e00000, 0x0000000086e00000| Complete 
| 111|0x0000000086f00000, 0x0000000087000000, 0x0000000087000000|100%| E|CS|TAMS 0x0000000086f00000, 0x0000000086f00000| Complete 
| 112|0x0000000087000000, 0x0000000087100000, 0x0000000087100000|100%| E|CS|TAMS 0x0000000087000000, 0x0000000087000000| Complete 
| 113|0x0000000087100000, 0x0000000087200000, 0x0000000087200000|100%| E|CS|TAMS 0x0000000087100000, 0x0000000087100000| Complete 
| 114|0x0000000087200000, 0x0000000087300000, 0x0000000087300000|100%| E|CS|TAMS 0x0000000087200000, 0x0000000087200000| Complete 
| 115|0x0000000087300000, 0x0000000087400000, 0x0000000087400000|100%| E|CS|TAMS 0x0000000087300000, 0x0000000087300000| Complete 
| 116|0x0000000087400000, 0x0000000087500000, 0x0000000087500000|100%| E|CS|TAMS 0x0000000087400000, 0x0000000087400000| Complete 
| 117|0x0000000087500000, 0x0000000087600000, 0x0000000087600000|100%| E|CS|TAMS 0x0000000087500000, 0x0000000087500000| Complete 
| 118|0x0000000087600000, 0x0000000087700000, 0x0000000087700000|100%| E|CS|TAMS 0x0000000087600000, 0x0000000087600000| Complete 
| 119|0x0000000087700000, 0x0000000087800000, 0x0000000087800000|100%| E|CS|TAMS 0x0000000087700000, 0x0000000087700000| Complete 
| 120|0x0000000087800000, 0x0000000087900000, 0x0000000087900000|100%| E|CS|TAMS 0x0000000087800000, 0x0000000087800000| Complete 
| 121|0x0000000087900000, 0x0000000087a00000, 0x0000000087a00000|100%| E|CS|TAMS 0x0000000087900000, 0x0000000087900000| Complete 
| 122|0x0000000087a00000, 0x0000000087b00000, 0x0000000087b00000|100%| E|CS|TAMS 0x0000000087a00000, 0x0000000087a00000| Complete 
| 123|0x0000000087b00000, 0x0000000087c00000, 0x0000000087c00000|100%| E|CS|TAMS 0x0000000087b00000, 0x0000000087b00000| Complete 
| 124|0x0000000087c00000, 0x0000000087d00000, 0x0000000087d00000|100%| E|CS|TAMS 0x0000000087c00000, 0x0000000087c00000| Complete 
| 125|0x0000000087d00000, 0x0000000087e00000, 0x0000000087e00000|100%| E|CS|TAMS 0x0000000087d00000, 0x0000000087d00000| Complete 

Card table byte_map: [0x00000208e0870000,0x00000208e0c70000] _byte_map_base: 0x00000208e0470000

Marking Bits (Prev, Next): (CMBitMap*) 0x00000208cd895020, (CMBitMap*) 0x00000208cd894fe8
 Prev Bits: [0x00000208e3070000, 0x00000208e5070000)
 Next Bits: [0x00000208e1070000, 0x00000208e3070000)

Polling page: 0x00000208cd030000

Metaspace:

Usage:
  Non-class:     72.21 MB capacity,    71.12 MB ( 98%) used,   904.70 KB (  1%) free+waste,   216.63 KB ( <1%) overhead. 
      Class:     11.46 MB capacity,    10.73 MB ( 94%) used,   644.02 KB (  5%) free+waste,    99.88 KB ( <1%) overhead. 
       Both:     83.67 MB capacity,    81.85 MB ( 98%) used,     1.51 MB (  2%) free+waste,   316.50 KB ( <1%) overhead. 

Virtual space:
  Non-class space:       74.00 MB reserved,      72.42 MB ( 98%) committed 
      Class space:        1.00 GB reserved,      11.50 MB (  1%) committed 
             Both:        1.07 GB reserved,      83.92 MB (  8%) committed 

Chunk freelists:
   Non-Class:  16.00 KB
       Class:  11.00 KB
        Both:  27.00 KB

MaxMetaspaceSize: 17179869184.00 GB
CompressedClassSpaceSize: 1.00 GB
Initial GC threshold: 20.80 MB
Current GC threshold: 137.36 MB
CDS: off

CodeHeap 'non-profiled nmethods': size=120064Kb used=4305Kb max_used=4305Kb free=115758Kb
 bounds [0x00000208d8e20000, 0x00000208d9260000, 0x00000208e0360000]
CodeHeap 'profiled nmethods': size=120000Kb used=17274Kb max_used=17274Kb free=102725Kb
 bounds [0x00000208d18f0000, 0x00000208d29d0000, 0x00000208d8e20000]
CodeHeap 'non-nmethods': size=5696Kb used=2365Kb max_used=2401Kb free=3330Kb
 bounds [0x00000208d1360000, 0x00000208d15d0000, 0x00000208d18f0000]
 total_blobs=9138 nmethods=8259 adapters=791
 compilation: enabled
              stopped_count=0, restarted_count=0
 full_count=0

Compilation events (20 events):
Event: 142.120 Thread 0x00000208e8253800 8399       3       java.io.FileInputStream::read (8 bytes)
Event: 142.120 Thread 0x00000208e8253800 nmethod 8399 0x00000208d29cdb10 code [0x00000208d29cdcc0, 0x00000208d29cdde8]
Event: 142.127 Thread 0x00000208e8253800 8400       1       org.gradle.cache.internal.filelock.LockOptionsBuilder::getMode (5 bytes)
Event: 142.127 Thread 0x00000208e8253800 nmethod 8400 0x00000208d924e210 code [0x00000208d924e3c0, 0x00000208d924e478]
Event: 142.129 Thread 0x00000208e8252000 8401       4       java.util.concurrent.locks.AbstractQueuedSynchronizer$ConditionObject::addConditionWaiter (79 bytes)
Event: 142.141 Thread 0x00000208e8252000 nmethod 8401 0x00000208d924e510 code [0x00000208d924e6c0, 0x00000208d924ec98]
Event: 142.947 Thread 0x00000208e8252000 8402       4       java.util.Collection::stream (11 bytes)
Event: 142.953 Thread 0x00000208e8252000 nmethod 8402 0x00000208d924ee10 code [0x00000208d924efc0, 0x00000208d924f338]
Event: 143.459 Thread 0x00000208e8252000 8403       4       java.util.concurrent.locks.AbstractQueuedSynchronizer::enq (37 bytes)
Event: 143.466 Thread 0x00000208e8252000 nmethod 8403 0x00000208d924f510 code [0x00000208d924f6c0, 0x00000208d924fa08]
Event: 143.937 Thread 0x00000208e8252000 8404       4       java.util.Collections$UnmodifiableCollection::contains (11 bytes)
Event: 143.938 Thread 0x00000208e8252000 nmethod 8404 0x00000208d924fb10 code [0x00000208d924fca0, 0x00000208d924fd38]
Event: 145.938 Thread 0x00000208e8253800 8405       3       java.util.HashMap$Values::spliterator (16 bytes)
Event: 145.938 Thread 0x00000208e8253800 nmethod 8405 0x00000208d29cde90 code [0x00000208d29ce060, 0x00000208d29ce288]
Event: 145.938 Thread 0x00000208e8253800 8406       3       java.util.HashMap$ValueSpliterator::<init> (12 bytes)
Event: 145.938 Thread 0x00000208e8253800 nmethod 8406 0x00000208d29ce390 code [0x00000208d29ce540, 0x00000208d29ce758]
Event: 147.140 Thread 0x00000208e8252000 8407       4       org.gradle.internal.logging.text.AbstractLineChoppingStyledTextOutput$StateContext::hasChar (25 bytes)
Event: 147.140 Thread 0x00000208e8252000 nmethod 8407 0x00000208d924fe10 code [0x00000208d924ffa0, 0x00000208d9250038]
Event: 147.936 Thread 0x00000208e8252000 8408       4       java.util.stream.AbstractPipeline::sequential (10 bytes)
Event: 147.936 Thread 0x00000208e8252000 nmethod 8408 0x00000208d9250110 code [0x00000208d92502a0, 0x00000208d9250318]

GC Heap History (20 events):
Event: 82.106 GC heap before
{Heap before GC invocations=9 (full 0):
 garbage-first heap   total 129024K, used 92120K [0x0000000080000000, 0x0000000100000000)
  region size 1024K, 64 young (65536K), 3 survivors (3072K)
 Metaspace       used 48426K, capacity 49678K, committed 49920K, reserved 1093632K
  class space    used 6195K, capacity 6655K, committed 6656K, reserved 1048576K
}
Event: 82.112 GC heap after
{Heap after GC invocations=10 (full 0):
 garbage-first heap   total 129024K, used 31643K [0x0000000080000000, 0x0000000100000000)
  region size 1024K, 5 young (5120K), 5 survivors (5120K)
 Metaspace       used 48426K, capacity 49678K, committed 49920K, reserved 1093632K
  class space    used 6195K, capacity 6655K, committed 6656K, reserved 1048576K
}
Event: 108.471 GC heap before
{Heap before GC invocations=10 (full 0):
 garbage-first heap   total 129024K, used 101275K [0x0000000080000000, 0x0000000100000000)
  region size 1024K, 66 young (67584K), 5 survivors (5120K)
 Metaspace       used 54471K, capacity 55775K, committed 55936K, reserved 1097728K
  class space    used 6964K, capacity 7453K, committed 7552K, reserved 1048576K
}
Event: 108.482 GC heap after
{Heap after GC invocations=11 (full 0):
 garbage-first heap   total 129024K, used 49096K [0x0000000080000000, 0x0000000100000000)
  region size 1024K, 9 young (9216K), 9 survivors (9216K)
 Metaspace       used 54471K, capacity 55775K, committed 55936K, reserved 1097728K
  class space    used 6964K, capacity 7453K, committed 7552K, reserved 1048576K
}
Event: 109.338 GC heap before
{Heap before GC invocations=11 (full 0):
 garbage-first heap   total 129024K, used 75720K [0x0000000080000000, 0x0000000100000000)
  region size 1024K, 36 young (36864K), 9 survivors (9216K)
 Metaspace       used 58325K, capacity 59775K, committed 59948K, reserved 1101824K
  class space    used 7433K, capacity 7993K, committed 8064K, reserved 1048576K
}
Event: 109.353 GC heap after
{Heap after GC invocations=12 (full 0):
 garbage-first heap   total 129024K, used 50469K [0x0000000080000000, 0x0000000100000000)
  region size 1024K, 2 young (2048K), 2 survivors (2048K)
 Metaspace       used 58325K, capacity 59775K, committed 59948K, reserved 1101824K
  class space    used 7433K, capacity 7993K, committed 8064K, reserved 1048576K
}
Event: 110.289 GC heap before
{Heap before GC invocations=13 (full 0):
 garbage-first heap   total 129024K, used 90405K [0x0000000080000000, 0x0000000100000000)
  region size 1024K, 42 young (43008K), 2 survivors (2048K)
 Metaspace       used 62933K, capacity 64424K, committed 64556K, reserved 1105920K
  class space    used 7994K, capacity 8557K, committed 8576K, reserved 1048576K
}
Event: 110.295 GC heap after
{Heap after GC invocations=14 (full 0):
 garbage-first heap   total 129024K, used 54101K [0x0000000080000000, 0x0000000100000000)
  region size 1024K, 5 young (5120K), 5 survivors (5120K)
 Metaspace       used 62933K, capacity 64424K, committed 64556K, reserved 1105920K
  class space    used 7994K, capacity 8557K, committed 8576K, reserved 1048576K
}
Event: 111.411 GC heap before
{Heap before GC invocations=14 (full 0):
 garbage-first heap   total 129024K, used 95061K [0x0000000080000000, 0x0000000100000000)
  region size 1024K, 45 young (46080K), 5 survivors (5120K)
 Metaspace       used 66443K, capacity 67918K, committed 68140K, reserved 1107968K
  class space    used 8456K, capacity 9052K, committed 9088K, reserved 1048576K
}
Event: 111.418 GC heap after
{Heap after GC invocations=15 (full 0):
 garbage-first heap   total 129024K, used 56182K [0x0000000080000000, 0x0000000100000000)
  region size 1024K, 3 young (3072K), 3 survivors (3072K)
 Metaspace       used 66443K, capacity 67918K, committed 68140K, reserved 1107968K
  class space    used 8456K, capacity 9052K, committed 9088K, reserved 1048576K
}
Event: 112.316 GC heap before
{Heap before GC invocations=15 (full 0):
 garbage-first heap   total 129024K, used 97142K [0x0000000080000000, 0x0000000100000000)
  region size 1024K, 43 young (44032K), 3 survivors (3072K)
 Metaspace       used 67842K, capacity 69463K, committed 69676K, reserved 1110016K
  class space    used 8631K, capacity 9223K, committed 9344K, reserved 1048576K
}
Event: 112.326 GC heap after
{Heap after GC invocations=16 (full 0):
 garbage-first heap   total 129024K, used 59204K [0x0000000080000000, 0x0000000100000000)
  region size 1024K, 6 young (6144K), 6 survivors (6144K)
 Metaspace       used 67842K, capacity 69463K, committed 69676K, reserved 1110016K
  class space    used 8631K, capacity 9223K, committed 9344K, reserved 1048576K
}
Event: 113.918 GC heap before
{Heap before GC invocations=16 (full 0):
 garbage-first heap   total 129024K, used 99140K [0x0000000080000000, 0x0000000100000000)
  region size 1024K, 45 young (46080K), 6 survivors (6144K)
 Metaspace       used 71427K, capacity 73042K, committed 73260K, reserved 1112064K
  class space    used 9217K, capacity 9842K, committed 9856K, reserved 1048576K
}
Event: 113.933 GC heap after
{Heap after GC invocations=17 (full 0):
 garbage-first heap   total 129024K, used 61894K [0x0000000080000000, 0x0000000100000000)
  region size 1024K, 3 young (3072K), 3 survivors (3072K)
 Metaspace       used 71427K, capacity 73042K, committed 73260K, reserved 1112064K
  class space    used 9217K, capacity 9842K, committed 9856K, reserved 1048576K
}
Event: 122.559 GC heap before
{Heap before GC invocations=17 (full 0):
 garbage-first heap   total 129024K, used 101830K [0x0000000080000000, 0x0000000100000000)
  region size 1024K, 42 young (43008K), 3 survivors (3072K)
 Metaspace       used 75140K, capacity 76776K, committed 76972K, reserved 1116160K
  class space    used 9762K, capacity 10410K, committed 10496K, reserved 1048576K
}
Event: 122.586 GC heap after
{Heap after GC invocations=18 (full 0):
 garbage-first heap   total 129024K, used 64708K [0x0000000080000000, 0x0000000100000000)
  region size 1024K, 6 young (6144K), 6 survivors (6144K)
 Metaspace       used 75140K, capacity 76776K, committed 76972K, reserved 1116160K
  class space    used 9762K, capacity 10410K, committed 10496K, reserved 1048576K
}
Event: 135.261 GC heap before
{Heap before GC invocations=19 (full 0):
 garbage-first heap   total 129024K, used 103620K [0x0000000080000000, 0x0000000100000000)
  region size 1024K, 44 young (45056K), 6 survivors (6144K)
 Metaspace       used 78187K, capacity 79885K, committed 80172K, reserved 1118208K
  class space    used 10177K, capacity 10835K, committed 10880K, reserved 1048576K
}
Event: 135.271 GC heap after
{Heap after GC invocations=20 (full 0):
 garbage-first heap   total 129024K, used 66909K [0x0000000080000000, 0x0000000100000000)
  region size 1024K, 6 young (6144K), 6 survivors (6144K)
 Metaspace       used 78187K, capacity 79885K, committed 80172K, reserved 1118208K
  class space    used 10177K, capacity 10835K, committed 10880K, reserved 1048576K
}
Event: 136.546 GC heap before
{Heap before GC invocations=20 (full 0):
 garbage-first heap   total 129024K, used 104797K [0x0000000080000000, 0x0000000100000000)
  region size 1024K, 43 young (44032K), 6 survivors (6144K)
 Metaspace       used 82297K, capacity 84066K, committed 84396K, reserved 1122304K
  class space    used 10724K, capacity 11405K, committed 11520K, reserved 1048576K
}
Event: 136.560 GC heap after
{Heap after GC invocations=21 (full 0):
 garbage-first heap   total 129024K, used 69736K [0x0000000080000000, 0x0000000100000000)
  region size 1024K, 6 young (6144K), 6 survivors (6144K)
 Metaspace       used 82297K, capacity 84066K, committed 84396K, reserved 1122304K
  class space    used 10724K, capacity 11405K, committed 11520K, reserved 1048576K
}

Deoptimization events (20 events):
Event: 139.165 Thread 0x00000208ea8e5000 DEOPT PACKING pc=0x00000208d909296c sp=0x000000dc53efdee0
Event: 139.165 Thread 0x00000208ea8e5000 DEOPT UNPACKING pc=0x00000208d13aa1af sp=0x000000dc53efddc8 mode 2
Event: 139.168 Thread 0x00000208ea8e5000 Uncommon trap: trap_request=0xffffffde fr.pc=0x00000208d8eff960 relative=0x0000000000000320
Event: 139.168 Thread 0x00000208ea8e5000 Uncommon trap: reason=class_check action=maybe_recompile pc=0x00000208d8eff960 method=java.util.Collections$SetFromMap.remove(Ljava/lang/Object;)Z @ 5 c2
Event: 139.168 Thread 0x00000208ea8e5000 DEOPT PACKING pc=0x00000208d8eff960 sp=0x000000dc53efe9b0
Event: 139.168 Thread 0x00000208ea8e5000 DEOPT UNPACKING pc=0x00000208d13aa1af sp=0x000000dc53efe998 mode 2
Event: 139.168 Thread 0x00000208ea8e5000 Uncommon trap: trap_request=0xffffffde fr.pc=0x00000208d8eff960 relative=0x0000000000000320
Event: 139.168 Thread 0x00000208ea8e5000 Uncommon trap: reason=class_check action=maybe_recompile pc=0x00000208d8eff960 method=java.util.Collections$SetFromMap.remove(Ljava/lang/Object;)Z @ 5 c2
Event: 139.168 Thread 0x00000208ea8e5000 DEOPT PACKING pc=0x00000208d8eff960 sp=0x000000dc53efe850
Event: 139.168 Thread 0x00000208ea8e5000 DEOPT UNPACKING pc=0x00000208d13aa1af sp=0x000000dc53efe838 mode 2
Event: 139.258 Thread 0x00000208ea8e5000 Uncommon trap: trap_request=0xffffffde fr.pc=0x00000208d8eff960 relative=0x0000000000000320
Event: 139.258 Thread 0x00000208ea8e5000 Uncommon trap: reason=class_check action=maybe_recompile pc=0x00000208d8eff960 method=java.util.Collections$SetFromMap.remove(Ljava/lang/Object;)Z @ 5 c2
Event: 139.258 Thread 0x00000208ea8e5000 DEOPT PACKING pc=0x00000208d8eff960 sp=0x000000dc53efe9b0
Event: 139.258 Thread 0x00000208ea8e5000 DEOPT UNPACKING pc=0x00000208d13aa1af sp=0x000000dc53efe998 mode 2
Event: 139.273 Thread 0x00000208ea8e5000 DEOPT PACKING pc=0x00000208d27ca8b8 sp=0x000000dc53efddc0
Event: 139.273 Thread 0x00000208ea8e5000 DEOPT UNPACKING pc=0x00000208d13aa95e sp=0x000000dc53efd2c8 mode 0
Event: 142.127 Thread 0x00000208ea8e5000 Uncommon trap: trap_request=0xffffff4d fr.pc=0x00000208d907fd28 relative=0x00000000000001e8
Event: 142.127 Thread 0x00000208ea8e5000 Uncommon trap: reason=unstable_if action=reinterpret pc=0x00000208d907fd28 method=com.google.common.collect.RegularImmutableSet.contains(Ljava/lang/Object;)Z @ 10 c2
Event: 142.127 Thread 0x00000208ea8e5000 DEOPT PACKING pc=0x00000208d907fd28 sp=0x000000dc53efb430
Event: 142.127 Thread 0x00000208ea8e5000 DEOPT UNPACKING pc=0x00000208d13aa1af sp=0x000000dc53efb3c8 mode 2

Classes redefined (0 events):
No events

Internal exceptions (20 events):
Event: 135.952 Thread 0x00000208ea1e8000 Exception <a 'sun/nio/fs/WindowsException'{0x0000000086a52fe0}> (0x0000000086a52fe0) thrown at [./src/hotspot/share/prims/jni.cpp, line 615]
Event: 135.952 Thread 0x00000208ea1e8000 Exception <a 'sun/nio/fs/WindowsException'{0x0000000086a543a8}> (0x0000000086a543a8) thrown at [./src/hotspot/share/prims/jni.cpp, line 615]
Event: 135.952 Thread 0x00000208ea1e8000 Exception <a 'sun/nio/fs/WindowsException'{0x0000000086a55770}> (0x0000000086a55770) thrown at [./src/hotspot/share/prims/jni.cpp, line 615]
Event: 136.445 Thread 0x00000208ea1e8000 Exception <a 'java/lang/NoSuchMethodError'{0x0000000085e0a508}: 'java.lang.Object java.lang.invoke.Invokers$Holder.linkToTargetMethod(java.lang.Object, int, int, java.lang.Object)'> (0x0000000085e0a508) thrown at [./src/hotspot/share/interpreter/linkResolver.cpp, line 773]
Event: 136.749 Thread 0x00000208ea1e8000 Exception <a 'java/lang/NoSuchMethodError'{0x000000008793c4c8}: 'java.lang.Object java.lang.invoke.Invokers$Holder.linkToTargetMethod(java.lang.Object, java.lang.Object, java.lang.Object, int, java.lang.Object, java.lang.Object)'> (0x000000008793c4c8) thrown at [./src/hotspot/share/interpreter/linkResolver.cpp, line 773]
Event: 139.158 Thread 0x00000208ea1ea800 Exception <a 'java/lang/NoSuchMethodError'{0x0000000087584d38}: <clinit>> (0x0000000087584d38) thrown at [./src/hotspot/share/prims/jni.cpp, line 1365]
Event: 139.160 Thread 0x00000208ea1ea800 Exception <a 'java/lang/NoSuchMethodError'{0x0000000087591610}: <clinit>> (0x0000000087591610) thrown at [./src/hotspot/share/prims/jni.cpp, line 1365]
Event: 139.164 Thread 0x00000208ea1ea800 Exception <a 'java/lang/NoSuchMethodError'{0x00000000875df128}: <clinit>> (0x00000000875df128) thrown at [./src/hotspot/share/prims/jni.cpp, line 1365]
Event: 139.168 Thread 0x00000208ea1ea800 Exception <a 'java/lang/NoSuchMethodError'{0x00000000875f2bf8}: <clinit>> (0x00000000875f2bf8) thrown at [./src/hotspot/share/prims/jni.cpp, line 1365]
Event: 139.168 Thread 0x00000208ea1ea800 Exception <a 'java/lang/NoSuchMethodError'{0x00000000875f4378}: <clinit>> (0x00000000875f4378) thrown at [./src/hotspot/share/prims/jni.cpp, line 1365]
Event: 139.207 Thread 0x00000208ea8de800 Exception <a 'java/lang/NoSuchMethodError'{0x0000000087888d80}: <clinit>> (0x0000000087888d80) thrown at [./src/hotspot/share/prims/jni.cpp, line 1365]
Event: 139.213 Thread 0x00000208ea8de800 Exception <a 'java/lang/NoSuchMethodError'{0x000000008789dfe0}: <clinit>> (0x000000008789dfe0) thrown at [./src/hotspot/share/prims/jni.cpp, line 1365]
Event: 139.218 Thread 0x00000208ea8de800 Exception <a 'java/lang/NoSuchMethodError'{0x00000000872a9158}: <clinit>> (0x00000000872a9158) thrown at [./src/hotspot/share/prims/jni.cpp, line 1365]
Event: 139.220 Thread 0x00000208ea8de800 Exception <a 'java/lang/NoSuchMethodError'{0x00000000872b37c0}: 'void java.lang.invoke.DirectMethodHandle$Holder.invokeSpecial(java.lang.Object, java.lang.Object, java.lang.Object, int)'> (0x00000000872b37c0) thrown at [./src/hotspot/share/interpreter/linkResolver.cpp, line 773]
Event: 139.235 Thread 0x00000208ea8e5000 Exception <a 'java/lang/IncompatibleClassChangeError'{0x00000000871778a0}: Found class java.lang.Object, but interface was expected> (0x00000000871778a0) thrown at [./src/hotspot/share/interpreter/linkResolver.cpp, line 839]
Event: 139.259 Thread 0x00000208ea8e5000 Exception <a 'java/lang/NoSuchMethodError'{0x000000008709b840}: 'java.lang.Object java.lang.invoke.DirectMethodHandle$Holder.invokeInterface(java.lang.Object, java.lang.Object, int)'> (0x000000008709b840) thrown at [./src/hotspot/share/interpreter/linkResolver.cpp, line 773]
Event: 139.261 Thread 0x00000208ea8e5000 Exception <a 'java/lang/NoSuchMethodError'{0x00000000870ae1b0}: 'void java.lang.invoke.DirectMethodHandle$Holder.invokeStatic(java.lang.Object, java.lang.Object, java.lang.Object, int)'> (0x00000000870ae1b0) thrown at [./src/hotspot/share/interpreter/linkResolver.cpp, line 773]
Event: 139.261 Thread 0x00000208ea1ea800 Exception <a 'java/lang/NoSuchMethodError'{0x00000000870c6cd0}: <clinit>> (0x00000000870c6cd0) thrown at [./src/hotspot/share/prims/jni.cpp, line 1365]
Event: 142.127 Thread 0x00000208ea8e5000 Implicit null exception at 0x00000208d907fb77 to 0x00000208d907fd10
Event: 147.140 Thread 0x00000208ea8e5000 Exception <a 'net/rubygrapefruit/platform/NativeException'{0x0000000086e19208}: Execution timed out> (0x0000000086e19208) thrown at [./src/hotspot/share/prims/jni.cpp, line 636]

Events (20 events):
Event: 147.139 loading class java/time/Clock$SystemClock
Event: 147.139 loading class java/time/Clock$SystemClock done
Event: 147.139 Executing VM operation: RevokeBias
Event: 147.140 Executing VM operation: RevokeBias done
Event: 147.140 loading class net/rubygrapefruit/platform/internal/jni/InotifyInstanceLimitTooLowException
Event: 147.140 loading class net/rubygrapefruit/platform/internal/jni/InotifyInstanceLimitTooLowException done
Event: 147.141 loading class net/rubygrapefruit/platform/internal/jni/InsufficientResourcesForWatchingException
Event: 147.141 loading class net/rubygrapefruit/platform/internal/jni/InsufficientResourcesForWatchingException done
Event: 147.141 Executing VM operation: RevokeBias
Event: 147.141 Executing VM operation: RevokeBias done
Event: 147.141 Executing VM operation: RevokeBias
Event: 147.141 Executing VM operation: RevokeBias done
Event: 147.142 loading class net/rubygrapefruit/platform/internal/jni/InotifyWatchesLimitTooLowException
Event: 147.142 loading class net/rubygrapefruit/platform/internal/jni/InotifyWatchesLimitTooLowException done
Event: 147.142 loading class org/gradle/internal/watch/WatchingNotSupportedException
Event: 147.142 loading class org/gradle/internal/watch/WatchingNotSupportedException done
Event: 147.147 loading class org/gradle/internal/serialize/Message
Event: 147.147 loading class org/gradle/internal/serialize/Message done
Event: 147.147 loading class org/gradle/internal/serialize/ExceptionReplacingObjectOutputStream$1
Event: 147.147 loading class org/gradle/internal/serialize/ExceptionReplacingObjectOutputStream$1 done


Dynamic libraries:
0x00007ff6a3d40000 - 0x00007ff6a3d4a000 	C:\Program Files\Android\Android Studio\jre\bin\java.exe
0x00007ffb129c0000 - 0x00007ffb12bc9000 	C:\WINDOWS\SYSTEM32\ntdll.dll
0x00007ffad0400000 - 0x00007ffad0416000 	C:\Program Files\AVAST Software\Avast\aswhook.dll
0x00007ffb113b0000 - 0x00007ffb1146d000 	C:\WINDOWS\System32\KERNEL32.DLL
0x00007ffb0ffd0000 - 0x00007ffb10349000 	C:\WINDOWS\System32\KERNELBASE.dll
0x00007ffb10620000 - 0x00007ffb10731000 	C:\WINDOWS\System32\ucrtbase.dll
0x00007ffa7d8c0000 - 0x00007ffa7d8d7000 	C:\Program Files\Android\Android Studio\jre\bin\VCRUNTIME140.dll
0x00007ffa725d0000 - 0x00007ffa725e9000 	C:\Program Files\Android\Android Studio\jre\bin\jli.dll
0x00007ffb11600000 - 0x00007ffb117ac000 	C:\WINDOWS\System32\USER32.dll
0x00007ffb103c0000 - 0x00007ffb103e6000 	C:\WINDOWS\System32\win32u.dll
0x00007ffb10860000 - 0x00007ffb10889000 	C:\WINDOWS\System32\GDI32.dll
0x00007ffb10740000 - 0x00007ffb10852000 	C:\WINDOWS\System32\gdi32full.dll
0x00007ffb0feb0000 - 0x00007ffb0ff4d000 	C:\WINDOWS\System32\msvcp_win.dll
0x00007ffaf1f70000 - 0x00007ffaf2215000 	C:\WINDOWS\WinSxS\amd64_microsoft.windows.common-controls_6595b64144ccf1df_6.0.22000.120_none_9d947278b86cc467\COMCTL32.dll
0x00007ffb127b0000 - 0x00007ffb12853000 	C:\WINDOWS\System32\msvcrt.dll
0x00007ffb121a0000 - 0x00007ffb121d1000 	C:\WINDOWS\System32\IMM32.DLL
0x00007ffa50fe0000 - 0x00007ffa5107d000 	C:\Program Files\Android\Android Studio\jre\bin\msvcp140.dll
0x00007ffa74500000 - 0x00007ffa74fe5000 	C:\Program Files\Android\Android Studio\jre\bin\server\jvm.dll
0x00007ffb11470000 - 0x00007ffb1151e000 	C:\WINDOWS\System32\ADVAPI32.dll
0x00007ffb12100000 - 0x00007ffb1219e000 	C:\WINDOWS\System32\sechost.dll
0x00007ffb10ec0000 - 0x00007ffb10fe0000 	C:\WINDOWS\System32\RPCRT4.dll
0x00007ffb12020000 - 0x00007ffb12028000 	C:\WINDOWS\System32\PSAPI.DLL
0x00007ffb0a200000 - 0x00007ffb0a233000 	C:\WINDOWS\SYSTEM32\WINMM.dll
0x00007ffb09220000 - 0x00007ffb0922a000 	C:\WINDOWS\SYSTEM32\VERSION.dll
0x00007ffafc8c0000 - 0x00007ffafc8c9000 	C:\WINDOWS\SYSTEM32\WSOCK32.dll
0x00007ffb11530000 - 0x00007ffb1159f000 	C:\WINDOWS\System32\WS2_32.dll
0x00007ffb0f0a0000 - 0x00007ffb0f0b8000 	C:\WINDOWS\SYSTEM32\kernel.appcore.dll
0x00007ffa744e0000 - 0x00007ffa744f1000 	C:\Program Files\Android\Android Studio\jre\bin\verify.dll
0x00007ffb0da30000 - 0x00007ffb0dc51000 	C:\WINDOWS\SYSTEM32\DBGHELP.DLL
0x00007ffb08800000 - 0x00007ffb08831000 	C:\WINDOWS\SYSTEM32\dbgcore.DLL
0x00007ffb0ff50000 - 0x00007ffb0ffcf000 	C:\WINDOWS\System32\bcryptPrimitives.dll
0x00007ffa744b0000 - 0x00007ffa744d9000 	C:\Program Files\Android\Android Studio\jre\bin\java.dll
0x00007ffaaf430000 - 0x00007ffaaf43b000 	C:\Program Files\Android\Android Studio\jre\bin\jimage.dll
0x00007ffa74490000 - 0x00007ffa744a8000 	C:\Program Files\Android\Android Studio\jre\bin\zip.dll
0x00007ffb11870000 - 0x00007ffb1201f000 	C:\WINDOWS\System32\SHELL32.dll
0x00007ffb0e010000 - 0x00007ffb0e878000 	C:\WINDOWS\SYSTEM32\windows.storage.dll
0x00007ffb12430000 - 0x00007ffb127a8000 	C:\WINDOWS\System32\combase.dll
0x00007ffb0dea0000 - 0x00007ffb0e006000 	C:\WINDOWS\SYSTEM32\wintypes.dll
0x00007ffb121e0000 - 0x00007ffb122ca000 	C:\WINDOWS\System32\SHCORE.dll
0x00007ffb115a0000 - 0x00007ffb115fd000 	C:\WINDOWS\System32\shlwapi.dll
0x00007ffb0fde0000 - 0x00007ffb0fe01000 	C:\WINDOWS\SYSTEM32\profapi.dll
0x00007ffa75010000 - 0x00007ffa7502a000 	C:\Program Files\Android\Android Studio\jre\bin\net.dll
0x00007ffb09580000 - 0x00007ffb0968c000 	C:\WINDOWS\SYSTEM32\WINHTTP.dll
0x00007ffb0f4d0000 - 0x00007ffb0f537000 	C:\WINDOWS\system32\mswsock.dll
0x00007ffa74ff0000 - 0x00007ffa75004000 	C:\Program Files\Android\Android Studio\jre\bin\nio.dll
0x00007ffac0610000 - 0x00007ffac0637000 	C:\Users\noof3\.gradle\native\e1d6ef7f7dcc3fd88c89a11ec53ec762bb8ba0a96d01ffa2cd45eb1d1d8dd5c5\windows-amd64\native-platform.dll
0x00007ffa37940000 - 0x00007ffa37a84000 	C:\Users\noof3\.gradle\native\5664cfc778a61ccfe75a443a1ab52a65af34e5dc3c78e0209fed803814484fcb\windows-amd64\native-platform-file-events.dll
0x00007ffa98a10000 - 0x00007ffa98a1a000 	C:\Program Files\Android\Android Studio\jre\bin\management.dll
0x00007ffa941f0000 - 0x00007ffa941fd000 	C:\Program Files\Android\Android Studio\jre\bin\management_ext.dll
0x00007ffb0f710000 - 0x00007ffb0f728000 	C:\WINDOWS\SYSTEM32\CRYPTSP.dll
0x00007ffb0f000000 - 0x00007ffb0f035000 	C:\WINDOWS\system32\rsaenh.dll
0x00007ffb0f5c0000 - 0x00007ffb0f5e9000 	C:\WINDOWS\SYSTEM32\USERENV.dll
0x00007ffb0f890000 - 0x00007ffb0f8b7000 	C:\WINDOWS\SYSTEM32\bcrypt.dll
0x00007ffb0f730000 - 0x00007ffb0f73c000 	C:\WINDOWS\SYSTEM32\CRYPTBASE.dll
0x00007ffb0eb20000 - 0x00007ffb0eb4d000 	C:\WINDOWS\SYSTEM32\IPHLPAPI.DLL
0x00007ffb11860000 - 0x00007ffb11869000 	C:\WINDOWS\System32\NSI.dll
0x00007ffb09430000 - 0x00007ffb09449000 	C:\WINDOWS\SYSTEM32\dhcpcsvc6.DLL
0x00007ffb09960000 - 0x00007ffb0997e000 	C:\WINDOWS\SYSTEM32\dhcpcsvc.DLL
0x00007ffb0eb50000 - 0x00007ffb0ec38000 	C:\WINDOWS\SYSTEM32\DNSAPI.dll

dbghelp: loaded successfully - version: 4.0.5 - missing functions: none
symbol engine: initialized successfully - sym options: 0x614 - pdb path: .;C:\Program Files\Android\Android Studio\jre\bin;C:\WINDOWS\SYSTEM32;C:\Program Files\AVAST Software\Avast;C:\WINDOWS\WinSxS\amd64_microsoft.windows.common-controls_6595b64144ccf1df_6.0.22000.120_none_9d947278b86cc467;C:\Program Files\Android\Android Studio\jre\bin\server;C:\Users\noof3\.gradle\native\e1d6ef7f7dcc3fd88c89a11ec53ec762bb8ba0a96d01ffa2cd45eb1d1d8dd5c5\windows-amd64;C:\Users\noof3\.gradle\native\5664cfc778a61ccfe75a443a1ab52a65af34e5dc3c78e0209fed803814484fcb\windows-amd64

VM Arguments:
jvm_args: --add-opens=java.base/java.util=ALL-UNNAMED --add-opens=java.base/java.lang=ALL-UNNAMED --add-opens=java.base/java.lang.invoke=ALL-UNNAMED --add-opens=java.base/java.util=ALL-UNNAMED --add-opens=java.prefs/java.util.prefs=ALL-UNNAMED --add-opens=java.prefs/java.util.prefs=ALL-UNNAMED --add-opens=java.base/java.nio.charset=ALL-UNNAMED --add-opens=java.base/java.net=ALL-UNNAMED --add-opens=java.base/java.util.concurrent.atomic=ALL-UNNAMED -Xmx2048m -Dfile.encoding=UTF-8 -Duser.country=US -Duser.language=en -Duser.variant 
java_command: org.gradle.launcher.daemon.bootstrap.GradleDaemon 7.3.3
java_class_path (initial): C:\Users\noof3\.gradle\wrapper\dists\gradle-7.3.3-bin\6a41zxkdtcxs8rphpq6y0069z\gradle-7.3.3\lib\gradle-launcher-7.3.3.jar
Launcher Type: SUN_STANDARD

[Global flags]
     intx CICompilerCount                          = 3                                         {product} {ergonomic}
     uint ConcGCThreads                            = 2                                         {product} {ergonomic}
     uint G1ConcRefinementThreads                  = 6                                         {product} {ergonomic}
   size_t G1HeapRegionSize                         = 1048576                                   {product} {ergonomic}
    uintx GCDrainStackTargetSize                   = 64                                        {product} {ergonomic}
   size_t InitialHeapSize                          = 132120576                                 {product} {ergonomic}
   size_t MarkStackSize                            = 4194304                                   {product} {ergonomic}
   size_t MaxHeapSize                              = 2147483648                                {product} {command line}
   size_t MaxNewSize                               = 1287651328                                {product} {ergonomic}
   size_t MinHeapDeltaBytes                        = 1048576                                   {product} {ergonomic}
    uintx NonNMethodCodeHeapSize                   = 5830732                                {pd product} {ergonomic}
    uintx NonProfiledCodeHeapSize                  = 122913754                              {pd product} {ergonomic}
    uintx ProfiledCodeHeapSize                     = 122913754                              {pd product} {ergonomic}
    uintx ReservedCodeCacheSize                    = 251658240                              {pd product} {ergonomic}
     bool SegmentedCodeCache                       = true                                      {product} {ergonomic}
     bool UseCompressedClassPointers               = true                                 {lp64_product} {ergonomic}
     bool UseCompressedOops                        = true                                 {lp64_product} {ergonomic}
     bool UseG1GC                                  = true                                      {product} {ergonomic}
     bool UseLargePagesIndividualAllocation        = false                                  {pd product} {ergonomic}

Logging:
Log output configuration:
 #0: stdout all=warning uptime,level,tags
 #1: stderr all=off uptime,level,tags

Environment Variables:
PATH=C:\Program Files\Common Files\Oracle\Java\javapath;C:\Program Files (x86)\Common Files\Oracle\Java\javapath;C:\Windows\system32;C:\Windows;C:\Windows\System32\Wbem;C:\Windows\System32\WindowsPowerShell\v1.0\;C:\Windows\System32\OpenSSH\;C:\Program Files (x86)\NVIDIA Corporation\PhysX\Common;C:\Program Files\Intel\WiFi\bin\;C:\Program Files\Common Files\Intel\WirelessCommon\;C:\WINDOWS\system32;C:\WINDOWS;C:\WINDOWS\System32\Wbem;C:\WINDOWS\System32\WindowsPowerShell\v1.0\;C:\WINDOWS\System32\OpenSSH\;C:\Program Files\MySQL\MySQL Shell 8.0\bin\;C:\Users\noof3\AppData\Local\Microsoft\WindowsApps;;C:\Users\noof3\AppData\Local\Programs\Microsoft VS Code\bin
USERNAME=noof3
OS=Windows_NT
PROCESSOR_IDENTIFIER=Intel64 Family 6 Model 158 Stepping 10, GenuineIntel



---------------  S Y S T E M  ---------------

OS: Windows 10 , 64 bit Build 22000 (10.0.22000.675)
OS uptime: 0 days 0:08 hours

CPU:total 6 (initial active 6) (6 cores per cpu, 2 threads per core) family 6 model 158 stepping 10 microcode 0xf0, cmov, cx8, fxsr, mmx, sse, sse2, sse3, ssse3, sse4.1, sse4.2, popcnt, avx, avx2, aes, clmul, erms, 3dnowpref, lzcnt, ht, tsc, tscinvbit, bmi1, bmi2, adx, fma

Memory: 4k page, system-wide physical 8050M (200M free)
TotalPageFile size 18290M (AvailPageFile size 3952M)
current process WorkingSet (physical memory assigned to process): 328M, peak: 343M
current process commit charge ("private bytes"): 374M, peak: 382M

vm_info: OpenJDK 64-Bit Server VM (11.0.12+7-b1504.28-7817840) for windows-amd64 JRE (11.0.12+7-b1504.28-7817840), built on Oct 13 2021 22:12:33 by "builder" with MS VC++ 14.0 (VS2015)

END.
